  MonoLib.c
c:\users\pro_e\desktop\monolib\monolib\monolib\mono_vector.h(111): warning C4098: “createVector2i”:“void”函数返回值
c:\users\pro_e\desktop\monolib\monolib\monolib\mono_vector.h(252): warning C4028: 形参 1 与声明不同
c:\users\pro_e\desktop\monolib\monolib\monolib\monolib.c(9): warning C4013: “malloc”未定义；假设外部返回 int
c:\users\pro_e\desktop\monolib\monolib\monolib\monolib.c(9): warning C4312: “类型强制转换”: 从“int”转换到更大的“int *”
c:\users\pro_e\desktop\monolib\monolib\monolib\monolib.c(10): warning C4312: “类型强制转换”: 从“int”转换到更大的“mo_vecf”
c:\users\pro_e\desktop\monolib\monolib\monolib\monolib.c(11): warning C4312: “类型强制转换”: 从“int”转换到更大的“mo_vecd”
  mono_Vector.c
c:\users\pro_e\desktop\monolib\monolib\monolib\mono_vector.h(111): warning C4098: “createVector2i”:“void”函数返回值
c:\users\pro_e\desktop\monolib\monolib\monolib\mono_vector.h(252): warning C4028: 形参 1 与声明不同
c:\users\pro_e\desktop\monolib\monolib\monolib\mono_vector.c(59): warning C4098: “createVector3i”:“void”函数返回值
c:\users\pro_e\desktop\monolib\monolib\monolib\mono_vector.c(63): warning C4028: 形参 1 与声明不同
c:\users\pro_e\desktop\monolib\monolib\monolib\mono_vector.c(76): warning C4028: 形参 1 与声明不同
c:\users\pro_e\desktop\monolib\monolib\monolib\mono_vector.c(76): warning C4028: 形参 2 与声明不同
c:\users\pro_e\desktop\monolib\monolib\monolib\mono_vector.c(76): warning C4029: 声明的形参表不同于定义
c:\users\pro_e\desktop\monolib\monolib\monolib\mono_vector.c(81): warning C4098: “createVector2d”:“void”函数返回值
c:\users\pro_e\desktop\monolib\monolib\monolib\mono_vector.c(85): warning C4028: 形参 1 与声明不同
c:\users\pro_e\desktop\monolib\monolib\monolib\mono_vector.c(85): warning C4029: 声明的形参表不同于定义
c:\users\pro_e\desktop\monolib\monolib\monolib\mono_vector.c(90): warning C4098: “createVector2f”:“void”函数返回值
  正在生成代码...
c:\users\pro_e\desktop\monolib\monolib\monolib\mono_vector.c(11): warning C4716: “createVector2iFromVecPtr”: 必须返回一个值
  MonoLib.vcxproj -> C:\Users\pro_e\Desktop\monoLib\MonoLib\x64\Debug\MonoLib.exe
